<?xml version="1.0" encoding="UTF-8"?>
<testng-results skipped="0" failed="0" ignored="2" total="5" passed="3">
  <reporter-output>
  </reporter-output>
  <suite name="Suite" duration-ms="5322" started-at="2021-12-22T15:16:15Z" finished-at="2021-12-22T15:16:20Z">
    <groups>
    </groups>
    <test name="Test" duration-ms="5322" started-at="2021-12-22T15:16:15Z" finished-at="2021-12-22T15:16:20Z">
      <class name="test.LoginPageTest">
        <test-method status="PASS" signature="setup()[pri:0, instance:test.LoginPageTest@eb21112]" name="setup" is-config="true" duration-ms="839" started-at="2021-12-22T15:16:17Z" finished-at="2021-12-22T15:16:18Z">
          <reporter-output>
          </reporter-output>
        </test-method> <!-- setup -->
        <test-method status="PASS" signature="LoginTest(java.lang.String, java.lang.String)[pri:0, instance:test.LoginPageTest@eb21112]" name="LoginTest" duration-ms="481" started-at="2021-12-22T15:16:18Z" finished-at="2021-12-22T15:16:18Z">
          <params>
            <param index="0">
              <value>
                <![CDATA[yugi.kotla@gmail]]>
              </value>
            </param>
            <param index="1">
              <value>
                <![CDATA[Yugi@123]]>
              </value>
            </param>
          </params>
          <reporter-output>
          </reporter-output>
        </test-method> <!-- LoginTest -->
        <test-method status="PASS" signature="teardown()[pri:0, instance:test.LoginPageTest@eb21112]" name="teardown" is-config="true" duration-ms="70" started-at="2021-12-22T15:16:18Z" finished-at="2021-12-22T15:16:18Z">
          <reporter-output>
          </reporter-output>
        </test-method> <!-- teardown -->
      </class> <!-- test.LoginPageTest -->
      <class name="test.SignUpPageTest">
        <test-method status="PASS" signature="ReportSetup()[pri:0, instance:test.SignUpPageTest@43a0cee9]" name="ReportSetup" is-config="true" duration-ms="137" started-at="2021-12-22T15:16:15Z" finished-at="2021-12-22T15:16:15Z">
          <reporter-output>
          </reporter-output>
        </test-method> <!-- ReportSetup -->
        <test-method status="PASS" signature="setup()[pri:0, instance:test.SignUpPageTest@43a0cee9]" name="setup" is-config="true" duration-ms="894" started-at="2021-12-22T15:16:15Z" finished-at="2021-12-22T15:16:16Z">
          <reporter-output>
          </reporter-output>
        </test-method> <!-- setup -->
        <test-method status="PASS" signature="signupTest(java.lang.String, java.lang.String, java.lang.String, java.lang.String, java.lang.String, java.lang.String)[pri:0, instance:test.SignUpPageTest@43a0cee9]" name="signupTest" duration-ms="927" started-at="2021-12-22T15:16:16Z" finished-at="2021-12-22T15:16:17Z">
          <params>
            <param index="0">
              <value>
                <![CDATA[yugi.kotla@gmail]]>
              </value>
            </param>
            <param index="1">
              <value>
                <![CDATA[Yugi@123]]>
              </value>
            </param>
            <param index="2">
              <value>
                <![CDATA[Yugandhar]]>
              </value>
            </param>
            <param index="3">
              <value>
                <![CDATA[Kotla]]>
              </value>
            </param>
            <param index="4">
              <value>
                <![CDATA[23]]>
              </value>
            </param>
            <param index="5">
              <value>
                <![CDATA[Vizag]]>
              </value>
            </param>
          </params>
          <reporter-output>
          </reporter-output>
        </test-method> <!-- signupTest -->
        <test-method status="PASS" signature="teardown()[pri:0, instance:test.SignUpPageTest@43a0cee9]" name="teardown" is-config="true" duration-ms="68" started-at="2021-12-22T15:16:17Z" finished-at="2021-12-22T15:16:17Z">
          <reporter-output>
          </reporter-output>
        </test-method> <!-- teardown -->
      </class> <!-- test.SignUpPageTest -->
      <class name="test.AfterLoginTest">
        <test-method status="PASS" signature="setup()[pri:0, instance:test.AfterLoginTest@2eda0940]" name="setup" is-config="true" duration-ms="809" started-at="2021-12-22T15:16:18Z" finished-at="2021-12-22T15:16:19Z">
          <reporter-output>
          </reporter-output>
        </test-method> <!-- setup -->
        <test-method status="PASS" signature="afterLogin(java.lang.String, java.lang.String)[pri:0, instance:test.AfterLoginTest@2eda0940]" name="afterLogin" duration-ms="1003" started-at="2021-12-22T15:16:19Z" finished-at="2021-12-22T15:16:20Z">
          <params>
            <param index="0">
              <value>
                <![CDATA[yugi.kotla@gmail]]>
              </value>
            </param>
            <param index="1">
              <value>
                <![CDATA[Yugi@123]]>
              </value>
            </param>
          </params>
          <reporter-output>
          </reporter-output>
        </test-method> <!-- afterLogin -->
        <test-method status="PASS" signature="teardown()[pri:0, instance:test.AfterLoginTest@2eda0940]" name="teardown" is-config="true" duration-ms="66" started-at="2021-12-22T15:16:20Z" finished-at="2021-12-22T15:16:20Z">
          <reporter-output>
          </reporter-output>
        </test-method> <!-- teardown -->
      </class> <!-- test.AfterLoginTest -->
    </test> <!-- Test -->
  </suite> <!-- Suite -->
</testng-results>
